<?xml version="1.0" encoding="UTF-8"?>
<testsuite xmlns:xsi="http://www.w3.org/2001/XMLSchema-instance" xsi:noNamespaceSchemaLocation="https://maven.apache.org/surefire/maven-surefire-plugin/xsd/surefire-test-report.xsd" name="org.company.CompanyResourceTest" time="5.892" tests="1" errors="0" skipped="0" failures="1">
  <properties>
[...]
</properties>
  <testcase name="companyAllOK" classname="org.company.CompanyResourceTest" time="1.742">
    <failure message="1 expectation failed.&#10;Expected status code &lt;200&gt; but was &lt;500&gt;.&#10;" type="java.lang.AssertionError"><![CDATA[java.lang.AssertionError: 
1 expectation failed.
Expected status code <200> but was <500>.

	at org.company.CompanyResourceTest.companyAllOK(CompanyResourceTest.java:21)
]]></failure>
    <system-out><![CDATA[&amp#27;[38;2;192;192;192m02:04:18&amp#27;[39m&amp#27;[38;2;208;208;208m &amp#27;[39m&amp#27;[38;2;129;192;66mINFO &amp#27;[39m&amp#27;[38;2;208;208;208m [&amp#27;[39m&amp#27;[38;2;68;136;255mio.qu.de.QuarkusAugmentor&amp#27;[39m&amp#27;[38;2;208;208;208m] (&amp#27;[39m&amp#27;[38;2;68;170;68mmain&amp#27;[39m&amp#27;[38;2;208;208;208m) &amp#27;[39m&amp#27;[38;2;176;208;176mBeginning quarkus augmentation&amp#27;[39m&amp#27;[38;2;255;68;68m&amp#27;[39m&amp#27;[38;2;255;255;68m
&amp#27;[39m&amp#27;[38;2;192;192;192m02:04:20&amp#27;[39m&amp#27;[38;2;208;208;208m &amp#27;[39m&amp#27;[38;2;129;192;66mINFO &amp#27;[39m&amp#27;[38;2;208;208;208m [&amp#27;[39m&amp#27;[38;2;68;136;255mio.qu.de.QuarkusAugmentor&amp#27;[39m&amp#27;[38;2;208;208;208m] (&amp#27;[39m&amp#27;[38;2;68;170;68mmain&amp#27;[39m&amp#27;[38;2;208;208;208m) &amp#27;[39m&amp#27;[38;2;176;208;176mQuarkus augmentation completed in 1806ms&amp#27;[39m&amp#27;[38;2;255;68;68m&amp#27;[39m&amp#27;[38;2;255;255;68m
&amp#27;[39m&amp#27;[38;2;192;192;192m02:04:22&amp#27;[39m&amp#27;[38;2;208;208;208m &amp#27;[39m&amp#27;[38;2;129;192;66mINFO &amp#27;[39m&amp#27;[38;2;208;208;208m [&amp#27;[39m&amp#27;[38;2;68;136;255mio.quarkus&amp#27;[39m&amp#27;[38;2;208;208;208m] (&amp#27;[39m&amp#27;[38;2;68;170;68mmain&amp#27;[39m&amp#27;[38;2;208;208;208m) &amp#27;[39m&amp#27;[38;2;176;208;176m&amp#27;[39mQuarkus &amp#27;[38;2;221;221;221m1.0.0.CR1&amp#27;[39m started in &amp#27;[38;2;221;221;221m1.925&amp#27;[39ms. &amp#27;[38;2;221;221;221mListening on: http://0.0.0.0:8081&amp#27;[39m&amp#27;[39m&amp#27;[38;2;255;68;68m&amp#27;[39m&amp#27;[38;2;255;255;68m
&amp#27;[39m&amp#27;[38;2;192;192;192m02:04:22&amp#27;[39m&amp#27;[38;2;208;208;208m &amp#27;[39m&amp#27;[38;2;129;192;66mINFO &amp#27;[39m&amp#27;[38;2;208;208;208m [&amp#27;[39m&amp#27;[38;2;68;136;255mio.quarkus&amp#27;[39m&amp#27;[38;2;208;208;208m] (&amp#27;[39m&amp#27;[38;2;68;170;68mmain&amp#27;[39m&amp#27;[38;2;208;208;208m) &amp#27;[39m&amp#27;[38;2;176;208;176m&amp#27;[39mProfile &amp#27;[38;2;221;221;221mtest&amp#27;[39m activated. &amp#27;[38;2;221;221;221m&amp#27;[39m&amp#27;[39m&amp#27;[38;2;255;68;68m&amp#27;[39m&amp#27;[38;2;255;255;68m
&amp#27;[39m&amp#27;[38;2;192;192;192m02:04:22&amp#27;[39m&amp#27;[38;2;208;208;208m &amp#27;[39m&amp#27;[38;2;129;192;66mINFO &amp#27;[39m&amp#27;[38;2;208;208;208m [&amp#27;[39m&amp#27;[38;2;68;136;255mio.quarkus&amp#27;[39m&amp#27;[38;2;208;208;208m] (&amp#27;[39m&amp#27;[38;2;68;170;68mmain&amp#27;[39m&amp#27;[38;2;208;208;208m) &amp#27;[39m&amp#27;[38;2;176;208;176m&amp#27;[39mInstalled features: [&amp#27;[38;2;221;221;221magroal, cdi, hibernate-orm, hibernate-orm-panache, hibernate-validator, jdbc-mysql, jdbc-postgresql, narayana-jta, resteasy, resteasy-jsonb, smallrye-openapi, swagger-ui&amp#27;[39m]&amp#27;[39m&amp#27;[38;2;255;68;68m&amp#27;[39m&amp#27;[38;2;255;255;68m
&amp#27;[39mHibernate: 
    select
        company0_.id as id1_0_,
        company0_.name as name2_0_ 
    from
        Company company0_ limit ?
&amp#27;[38;2;192;192;192m02:04:24&amp#27;[39m&amp#27;[38;2;208;208;208m &amp#27;[39m&amp#27;[38;2;192;129;66mWARN &amp#27;[39m&amp#27;[38;2;208;208;208m [&amp#27;[39m&amp#27;[38;2;68;136;255mio.ag.pool&amp#27;[39m&amp#27;[38;2;208;208;208m] (&amp#27;[39m&amp#27;[38;2;68;170;68mAgroal_9189883951&amp#27;[39m&amp#27;[38;2;208;208;208m) &amp#27;[39m&amp#27;[38;2;176;208;176mDatasource '<default>': Plugin 'root' is not loaded&amp#27;[39m&amp#27;[38;2;255;68;68m&amp#27;[39m&amp#27;[38;2;255;255;68m
&amp#27;[39m&amp#27;[38;2;192;192;192m02:04:24&amp#27;[39m&amp#27;[38;2;208;208;208m &amp#27;[39m&amp#27;[38;2;192;129;66mWARN &amp#27;[39m&amp#27;[38;2;208;208;208m [&amp#27;[39m&amp#27;[38;2;68;136;255mor.hi.en.jd.sp.SqlExceptionHelper&amp#27;[39m&amp#27;[38;2;208;208;208m] (&amp#27;[39m&amp#27;[38;2;68;170;68mvert.x-worker-thread-0&amp#27;[39m&amp#27;[38;2;208;208;208m) &amp#27;[39m&amp#27;[38;2;176;208;176mSQL Error: 1524, SQLState: HY000&amp#27;[39m&amp#27;[38;2;255;68;68m&amp#27;[39m&amp#27;[38;2;255;255;68m
&amp#27;[39m&amp#27;[38;2;192;192;192m02:04:24&amp#27;[39m&amp#27;[38;2;208;208;208m &amp#27;[39m&amp#27;[38;2;255;66;66mERROR&amp#27;[39m&amp#27;[38;2;208;208;208m [&amp#27;[39m&amp#27;[38;2;68;136;255mor.hi.en.jd.sp.SqlExceptionHelper&amp#27;[39m&amp#27;[38;2;208;208;208m] (&amp#27;[39m&amp#27;[38;2;68;170;68mvert.x-worker-thread-0&amp#27;[39m&amp#27;[38;2;208;208;208m) &amp#27;[39m&amp#27;[38;2;176;208;176mPlugin 'root' is not loaded&amp#27;[39m&amp#27;[38;2;255;68;68m&amp#27;[39m&amp#27;[38;2;255;255;68m
&amp#27;[39m&amp#27;[38;2;192;192;192m02:04:24&amp#27;[39m&amp#27;[38;2;208;208;208m &amp#27;[39m&amp#27;[38;2;255;66;66mERROR&amp#27;[39m&amp#27;[38;2;208;208;208m [&amp#27;[39m&amp#27;[38;2;68;136;255mio.qu.ve.ht.ru.QuarkusErrorHandler&amp#27;[39m&amp#27;[38;2;208;208;208m] (&amp#27;[39m&amp#27;[38;2;68;170;68mvert.x-worker-thread-0&amp#27;[39m&amp#27;[38;2;208;208;208m) &amp#27;[39m&amp#27;[38;2;176;208;176m&amp#27;[39mHTTP Request to &amp#27;[38;2;221;221;221m/company/findAllCompanys&amp#27;[39m failed, error id: &amp#27;[38;2;221;221;221m0ead7a9a-5073-4d7e-9c63-84ce1a6e147c-1&amp#27;[39m&amp#27;[39m&amp#27;[38;2;255;68;68m: org.jboss.resteasy.spi.UnhandledException: javax.persistence.PersistenceException: org.hibernate.exception.GenericJDBCException: Unable to acquire JDBC Connection
	at org.jboss.resteasy.core.ExceptionHandler.handleApplicationException(ExceptionHandler.java:106)
	at org.jboss.resteasy.core.ExceptionHandler.handleException(ExceptionHandler.java:372)
	at org.jboss.resteasy.core.SynchronousDispatcher.writeException(SynchronousDispatcher.java:209)
	at org.jboss.resteasy.core.SynchronousDispatcher.invoke(SynchronousDispatcher.java:496)
	at org.jboss.resteasy.core.SynchronousDispatcher.lambda$invoke$4(SynchronousDispatcher.java:252)
	at org.jboss.resteasy.core.SynchronousDispatcher.lambda$preprocess$0(SynchronousDispatcher.java:153)
	at org.jboss.resteasy.core.interception.jaxrs.PreMatchContainerRequestContext.filter(PreMatchContainerRequestContext.java:363)
	at org.jboss.resteasy.core.SynchronousDispatcher.preprocess(SynchronousDispatcher.java:156)
	at org.jboss.resteasy.core.SynchronousDispatcher.invoke(SynchronousDispatcher.java:238)
	at io.quarkus.resteasy.runtime.standalone.RequestDispatcher.service(RequestDispatcher.java:73)
	at io.quarkus.resteasy.runtime.standalone.VertxRequestHandler.dispatch(VertxRequestHandler.java:109)
	at io.quarkus.resteasy.runtime.standalone.VertxRequestHandler.dispatchRequestContext(VertxRequestHandler.java:84)
	at io.quarkus.resteasy.runtime.standalone.VertxRequestHandler.lambda$handle$0(VertxRequestHandler.java:71)
	at io.vertx.core.impl.ContextImpl.lambda$executeBlocking$2(ContextImpl.java:316)
	at java.base/java.util.concurrent.ThreadPoolExecutor.runWorker(ThreadPoolExecutor.java:1128)
	at java.base/java.util.concurrent.ThreadPoolExecutor$Worker.run(ThreadPoolExecutor.java:628)
	at io.netty.util.concurrent.FastThreadLocalRunnable.run(FastThreadLocalRunnable.java:30)
	at java.base/java.lang.Thread.run(Thread.java:834)
Caused by: javax.persistence.PersistenceException: org.hibernate.exception.GenericJDBCException: Unable to acquire JDBC Connection
	at org.hibernate.internal.ExceptionConverterImpl.convert(ExceptionConverterImpl.java:154)
	at org.hibernate.query.internal.AbstractProducedQuery.list(AbstractProducedQuery.java:1535)
	at org.hibernate.query.Query.getResultList(Query.java:165)
	at io.quarkus.hibernate.orm.panache.runtime.PanacheQueryImpl.list(PanacheQueryImpl.java:118)
	at io.quarkus.hibernate.orm.panache.runtime.JpaOperations.listAll(JpaOperations.java:299)
	at org.company.Company.listAll(Company.java)
	at org.company.CompanyService.findAllCompanys(CompanyService.java:29)
	at org.company.CompanyService_Subclass.findAllCompanys$$superaccessor3(CompanyService_Subclass.zig:580)
	at org.company.CompanyService_Subclass$$function$$3.apply(CompanyService_Subclass$$function$$3.zig:29)
	at io.quarkus.arc.impl.AroundInvokeInvocationContext.proceed(AroundInvokeInvocationContext.java:54)
	at io.quarkus.narayana.jta.runtime.interceptor.TransactionalInterceptorBase.invokeInOurTx(TransactionalInterceptorBase.java:119)
	at io.quarkus.narayana.jta.runtime.interceptor.TransactionalInterceptorBase.invokeInOurTx(TransactionalInterceptorBase.java:92)
	at io.quarkus.narayana.jta.runtime.interceptor.TransactionalInterceptorRequired.doIntercept(TransactionalInterceptorRequired.java:32)
	at io.quarkus.narayana.jta.runtime.interceptor.TransactionalInterceptorBase.intercept(TransactionalInterceptorBase.java:53)
	at io.quarkus.narayana.jta.runtime.interceptor.TransactionalInterceptorRequired.intercept(TransactionalInterceptorRequired.java:26)
	at io.quarkus.narayana.jta.runtime.interceptor.TransactionalInterceptorRequired_Bean.intercept(TransactionalInterceptorRequired_Bean.zig:168)
	at io.quarkus.arc.impl.InterceptorInvocation.invoke(InterceptorInvocation.java:41)
	at io.quarkus.arc.impl.AroundInvokeInvocationContext.perform(AroundInvokeInvocationContext.java:41)
	at io.quarkus.arc.impl.InvocationContexts.performAroundInvoke(InvocationContexts.java:32)
	at org.company.CompanyService_Subclass.findAllCompanys(CompanyService_Subclass.zig:675)
	at org.company.CompanyService_ClientProxy.findAllCompanys(CompanyService_ClientProxy.zig:252)
	at org.company.CompanyResource.findAllCompanys(CompanyResource.java:55)
	at java.base/jdk.internal.reflect.NativeMethodAccessorImpl.invoke0(Native Method)
	at java.base/jdk.internal.reflect.NativeMethodAccessorImpl.invoke(NativeMethodAccessorImpl.java:62)
	at java.base/jdk.internal.reflect.DelegatingMethodAccessorImpl.invoke(DelegatingMethodAccessorImpl.java:43)
	at java.base/java.lang.reflect.Method.invoke(Method.java:566)
	at org.jboss.resteasy.core.MethodInjectorImpl.invoke(MethodInjectorImpl.java:151)
	at org.jboss.resteasy.core.MethodInjectorImpl.lambda$invoke$3(MethodInjectorImpl.java:122)
	at java.base/java.util.concurrent.CompletableFuture.uniApplyNow(CompletableFuture.java:680)
	at java.base/java.util.concurrent.CompletableFuture.uniApplyStage(CompletableFuture.java:658)
	at java.base/java.util.concurrent.CompletableFuture.thenApply(CompletableFuture.java:2094)
	at java.base/java.util.concurrent.CompletableFuture.thenApply(CompletableFuture.java:143)
	at org.jboss.resteasy.core.MethodInjectorImpl.invoke(MethodInjectorImpl.java:122)
	at org.jboss.resteasy.core.ResourceMethodInvoker.internalInvokeOnTarget(ResourceMethodInvoker.java:594)
	at org.jboss.resteasy.core.ResourceMethodInvoker.invokeOnTargetAfterFilter(ResourceMethodInvoker.java:468)
	at org.jboss.resteasy.core.ResourceMethodInvoker.lambda$invokeOnTarget$2(ResourceMethodInvoker.java:421)
	at org.jboss.resteasy.core.interception.jaxrs.PreMatchContainerRequestContext.filter(PreMatchContainerRequestContext.java:363)
	at org.jboss.resteasy.core.ResourceMethodInvoker.invokeOnTarget(ResourceMethodInvoker.java:423)
	at org.jboss.resteasy.core.ResourceMethodInvoker.invoke(ResourceMethodInvoker.java:391)
	at org.jboss.resteasy.core.ResourceMethodInvoker.lambda$invoke$1(ResourceMethodInvoker.java:365)
	at java.base/java.util.concurrent.CompletableFuture.uniComposeStage(CompletableFuture.java:1106)
	at java.base/java.util.concurrent.CompletableFuture.thenCompose(CompletableFuture.java:2235)
	at java.base/java.util.concurrent.CompletableFuture.thenCompose(CompletableFuture.java:143)
	at org.jboss.resteasy.core.ResourceMethodInvoker.invoke(ResourceMethodInvoker.java:365)
	at org.jboss.resteasy.core.SynchronousDispatcher.invoke(SynchronousDispatcher.java:477)
	... 14 more
Caused by: org.hibernate.exception.GenericJDBCException: Unable to acquire JDBC Connection
	at org.hibernate.exception.internal.StandardSQLExceptionConverter.convert(StandardSQLExceptionConverter.java:47)
	at org.hibernate.engine.jdbc.spi.SqlExceptionHelper.convert(SqlExceptionHelper.java:113)
	at org.hibernate.engine.jdbc.spi.SqlExceptionHelper.convert(SqlExceptionHelper.java:99)
	at org.hibernate.resource.jdbc.internal.LogicalConnectionManagedImpl.acquireConnectionIfNeeded(LogicalConnectionManagedImpl.java:107)
	at org.hibernate.resource.jdbc.internal.LogicalConnectionManagedImpl.getPhysicalConnection(LogicalConnectionManagedImpl.java:134)
	at org.hibernate.engine.jdbc.internal.StatementPreparerImpl.connection(StatementPreparerImpl.java:50)
	at org.hibernate.engine.jdbc.internal.StatementPreparerImpl$5.doPrepare(StatementPreparerImpl.java:149)
	at org.hibernate.engine.jdbc.internal.StatementPreparerImpl$StatementPreparationTemplate.prepareStatement(StatementPreparerImpl.java:176)
	at org.hibernate.engine.jdbc.internal.StatementPreparerImpl.prepareQueryStatement(StatementPreparerImpl.java:151)
	at org.hibernate.loader.Loader.prepareQueryStatement(Loader.java:2104)
	at org.hibernate.loader.Loader.executeQueryStatement(Loader.java:2034)
	at org.hibernate.loader.Loader.executeQueryStatement(Loader.java:2012)
	at org.hibernate.loader.Loader.doQuery(Loader.java:953)
	at org.hibernate.loader.Loader.doQueryAndInitializeNonLazyCollections(Loader.java:354)
	at org.hibernate.loader.Loader.doList(Loader.java:2815)
	at org.hibernate.loader.Loader.doList(Loader.java:2797)
	at org.hibernate.loader.Loader.listIgnoreQueryCache(Loader.java:2629)
	at org.hibernate.loader.Loader.list(Loader.java:2624)
	at org.hibernate.loader.hql.QueryLoader.list(QueryLoader.java:506)
	at org.hibernate.hql.internal.ast.QueryTranslatorImpl.list(QueryTranslatorImpl.java:396)
	at org.hibernate.engine.query.spi.HQLQueryPlan.performList(HQLQueryPlan.java:219)
	at org.hibernate.internal.SessionImpl.list(SessionImpl.java:1396)
	at org.hibernate.query.internal.AbstractProducedQuery.doList(AbstractProducedQuery.java:1558)
	at org.hibernate.query.internal.AbstractProducedQuery.list(AbstractProducedQuery.java:1526)
	... 57 more
Caused by: java.sql.SQLException: Plugin 'root' is not loaded
	at com.mysql.cj.jdbc.exceptions.SQLError.createSQLException(SQLError.java:129)
	at com.mysql.cj.jdbc.exceptions.SQLError.createSQLException(SQLError.java:97)
	at com.mysql.cj.jdbc.exceptions.SQLExceptionsMapping.translateException(SQLExceptionsMapping.java:122)
	at com.mysql.cj.jdbc.ConnectionImpl.createNewIO(ConnectionImpl.java:827)
	at com.mysql.cj.jdbc.ConnectionImpl.<init>(ConnectionImpl.java:447)
	at com.mysql.cj.jdbc.ConnectionImpl.getInstance(ConnectionImpl.java:237)
	at com.mysql.cj.jdbc.NonRegisteringDriver.connect(NonRegisteringDriver.java:199)
	at io.agroal.pool.ConnectionFactory.createConnection(ConnectionFactory.java:200)
	at io.agroal.pool.ConnectionPool$CreateConnectionTask.call(ConnectionPool.java:390)
	at io.agroal.pool.ConnectionPool$CreateConnectionTask.call(ConnectionPool.java:372)
	at java.base/java.util.concurrent.FutureTask.run(FutureTask.java:264)
	at io.agroal.pool.util.PriorityScheduledExecutor.beforeExecute(PriorityScheduledExecutor.java:65)
	at java.base/java.util.concurrent.ThreadPoolExecutor.runWorker(ThreadPoolExecutor.java:1126)
	at java.base/java.util.concurrent.ThreadPoolExecutor$Worker.run(ThreadPoolExecutor.java:628)
	... 1 more
&amp#27;[39m&amp#27;[38;2;255;255;68m
&amp#27;[39m]]></system-out>
  </testcase>
</testsuite>